<?xml version="1.0" encoding="UTF-8"?>
<testsuite xmlns:xsi="http://www.w3.org/2001/XMLSchema-instance" xsi:noNamespaceSchemaLocation="https://maven.apache.org/surefire/maven-surefire-plugin/xsd/surefire-test-report.xsd" name="org.example.runner.TestRunner" time="141.189" tests="13" errors="0" skipped="0" failures="2">
  <properties>
[...]
</properties>
  <testcase name="user register with valid data" classname="user should be able to register to system" time="19.328"/>
  <testcase name="user login with valid data" classname="user should be able to login to system" time="13.53"/>
  <testcase name="user select currency" classname="user should be able to select currencies" time="11.901"/>
  <testcase name="user hover" classname="user should be able to hover in product" time="6.483"/>
  <testcase name="user search in product" classname="user should be able to search in product" time="5.831"/>
  <testcase name="first slider user push slider" classname="user can push slider" time="5.135">
    <failure message="expected:&lt;...emo.nopcommerce.com/[]&gt; but was:&lt;...emo.nopcommerce.com/[htc-one-mini-blue]&gt;" type="org.junit.ComparisonFailure"><![CDATA[org.junit.ComparisonFailure: expected:<...emo.nopcommerce.com/[]> but was:<...emo.nopcommerce.com/[htc-one-mini-blue]>
]]></failure>
    <system-err><![CDATA[Starting ChromeDriver 101.0.4951.41 (93c720db8323b3ec10d056025ab95c23a31997c9-refs/branch-heads/4951@{#904}) on port 51562
Only local connections are allowed.
Please see https://chromedriver.chromium.org/security-considerations for suggestions on keeping ChromeDriver safe.
ChromeDriver was started successfully.
May 21, 2022 6:27:45 PM org.openqa.selenium.remote.ProtocolHandshake createSession
INFO: Detected dialect: W3C
May 21, 2022 6:27:45 PM org.openqa.selenium.devtools.CdpVersionFinder findNearestMatch
INFO: Found exact CDP implementation for version 101
]]></system-err>
  </testcase>
  <testcase name="second slider user push slider" classname="user can push slider" time="4.152">
    <failure message="expected:&lt;...emo.nopcommerce.com/[]&gt; but was:&lt;...emo.nopcommerce.com/[nokia-lumia-1020]&gt;" type="org.junit.ComparisonFailure"><![CDATA[org.junit.ComparisonFailure: expected:<...emo.nopcommerce.com/[]> but was:<...emo.nopcommerce.com/[nokia-lumia-1020]>
]]></failure>
    <system-err><![CDATA[Starting ChromeDriver 101.0.4951.41 (93c720db8323b3ec10d056025ab95c23a31997c9-refs/branch-heads/4951@{#904}) on port 53184
Only local connections are allowed.
Please see https://chromedriver.chromium.org/security-considerations for suggestions on keeping ChromeDriver safe.
ChromeDriver was started successfully.
May 21, 2022 6:27:49 PM org.openqa.selenium.remote.ProtocolHandshake createSession
INFO: Detected dialect: W3C
May 21, 2022 6:27:49 PM org.openqa.selenium.devtools.CdpVersionFinder findNearestMatch
INFO: Found exact CDP implementation for version 101
]]></system-err>
  </testcase>
  <testcase name="user follow us facebook" classname="user should be able to follow us" time="15.134"/>
  <testcase name="user follow us twitter" classname="user should be able to follow us" time="11.452"/>
  <testcase name="user follow us rss" classname="user should be able to follow us" time="9.576"/>
  <testcase name="user follow us youtube" classname="user should be able to follow us" time="15.391"/>
  <testcase name="user add to wishlist" classname="user should be able to add product to wishlist" time="10.368"/>
  <testcase name="user add to cart" classname="user should be able to add product to cart" time="8.055"/>
</testsuite>